SmartPark/app/build/intermediates/manifest_merge_blame_file/debug/processDebugMainManifest/manifest-merger-blame-debug-report.txt
1<?xml version="1.0" encoding="utf-8"?>
2<manifest xmlns:android="http://schemas.android.com/apk/res/android"
3    package="com.example.smartparking"
4    android:versionCode="1"
5    android:versionName="1.0" >
6
7    <uses-sdk
8        android:minSdkVersion="24"
9        android:targetSdkVersion="34" />
10
11    <uses-permission android:name="android.permission.INTERNET" />
11-->src\main\AndroidManifest.xml:5:5-67
11-->src\main\AndroidManifest.xml:5:22-64
12    <uses-permission android:name="android.permission.ACCESS_NETWORK_STATE" />
12-->src\main\AndroidManifest.xml:6:5-78
12-->src\main\AndroidManifest.xml:6:22-76
13    <uses-permission android:name="android.permission.ACCESS_FINE_LOCATION" />
13-->src\main\AndroidManifest.xml:7:5-79
13-->src\main\AndroidManifest.xml:7:22-76
14    <uses-permission android:name="android.permission.ACCESS_COARSE_LOCATION" />
14-->src\main\AndroidManifest.xml:8:5-81
14-->src\main\AndroidManifest.xml:8:22-78
15    <uses-permission
15-->src\main\AndroidManifest.xml:9:5-10:38
16        android:name="android.permission.READ_EXTERNAL_STORAGE"
16-->src\main\AndroidManifest.xml:9:22-77
17        android:maxSdkVersion="32" />
17-->src\main\AndroidManifest.xml:10:9-35
18
19    <queries>
19-->[com.razorpay:checkout:1.6.26] AndroidManifest.xml:11:5-37:15
20        <intent>
20-->[com.razorpay:checkout:1.6.26] AndroidManifest.xml:12:9-18:18
21            <action android:name="android.intent.action.VIEW" />
21-->[com.razorpay:checkout:1.6.26] AndroidManifest.xml:13:13-65
21-->[com.razorpay:checkout:1.6.26] AndroidManifest.xml:13:21-62
22
23            <data
23-->[com.razorpay:checkout:1.6.26] AndroidManifest.xml:15:13-17:38
24                android:mimeType="*/*"
24-->[com.razorpay:checkout:1.6.26] AndroidManifest.xml:16:17-39
25                android:scheme="*" />
25-->[com.razorpay:checkout:1.6.26] AndroidManifest.xml:17:17-35
26        </intent>
27        <intent>
27-->[com.razorpay:checkout:1.6.26] AndroidManifest.xml:19:9-28:18
28            <action android:name="android.intent.action.VIEW" />
28-->[com.razorpay:checkout:1.6.26] AndroidManifest.xml:13:13-65
28-->[com.razorpay:checkout:1.6.26] AndroidManifest.xml:13:21-62
29
30            <category android:name="android.intent.category.BROWSABLE" />
30-->[com.razorpay:checkout:1.6.26] AndroidManifest.xml:22:13-74
30-->[com.razorpay:checkout:1.6.26] AndroidManifest.xml:22:23-71
31
32            <data
32-->[com.razorpay:checkout:1.6.26] AndroidManifest.xml:15:13-17:38
33                android:host="pay"
34                android:mimeType="*/*"
34-->[com.razorpay:checkout:1.6.26] AndroidManifest.xml:16:17-39
35                android:scheme="upi" />
35-->[com.razorpay:checkout:1.6.26] AndroidManifest.xml:17:17-35
36        </intent>
37        <intent>
37-->[com.razorpay:checkout:1.6.26] AndroidManifest.xml:29:9-31:18
38            <action android:name="android.intent.action.MAIN" />
38-->src\main\AndroidManifest.xml:56:17-69
38-->src\main\AndroidManifest.xml:56:25-66
39        </intent>
40        <intent>
40-->[com.razorpay:checkout:1.6.26] AndroidManifest.xml:32:9-36:18
41            <action android:name="android.intent.action.SEND" />
41-->[com.razorpay:checkout:1.6.26] AndroidManifest.xml:33:13-65
41-->[com.razorpay:checkout:1.6.26] AndroidManifest.xml:33:21-62
42
43            <data android:mimeType="*/*" />
43-->[com.razorpay:checkout:1.6.26] AndroidManifest.xml:15:13-17:38
43-->[com.razorpay:checkout:1.6.26] AndroidManifest.xml:16:17-39
44        </intent>
45        <!-- Needs to be explicitly declared on Android R+ -->
46        <package android:name="com.google.android.apps.maps" />
46-->[com.google.android.gms:play-services-maps:19.0.0] AndroidManifest.xml:33:9-64
46-->[com.google.android.gms:play-services-maps:19.0.0] AndroidManifest.xml:33:18-61
47    </queries>
48
49    <uses-feature
49-->[com.google.android.gms:play-services-maps:19.0.0] AndroidManifest.xml:26:5-28:35
50        android:glEsVersion="0x00020000"
50-->[com.google.android.gms:play-services-maps:19.0.0] AndroidManifest.xml:27:9-41
51        android:required="true" />
51-->[com.google.android.gms:play-services-maps:19.0.0] AndroidManifest.xml:28:9-32
52
53    <uses-permission android:name="com.google.android.providers.gsf.permission.READ_GSERVICES" />
53-->[com.google.android.recaptcha:recaptcha:18.4.0] AndroidManifest.xml:9:5-98
53-->[com.google.android.recaptcha:recaptcha:18.4.0] AndroidManifest.xml:9:22-95
54
55    <permission
55-->[androidx.core:core:1.13.0] AndroidManifest.xml:22:5-24:47
56        android:name="com.example.smartparking.DYNAMIC_RECEIVER_NOT_EXPORTED_PERMISSION"
56-->[androidx.core:core:1.13.0] AndroidManifest.xml:23:9-81
57        android:protectionLevel="signature" />
57-->[androidx.core:core:1.13.0] AndroidManifest.xml:24:9-44
58
59    <uses-permission android:name="com.example.smartparking.DYNAMIC_RECEIVER_NOT_EXPORTED_PERMISSION" />
59-->[androidx.core:core:1.13.0] AndroidManifest.xml:26:5-97
59-->[androidx.core:core:1.13.0] AndroidManifest.xml:26:22-94
60
61    <application
61-->src\main\AndroidManifest.xml:12:5-61:19
62        android:allowBackup="true"
62-->src\main\AndroidManifest.xml:13:9-35
63        android:appComponentFactory="androidx.core.app.CoreComponentFactory"
63-->[androidx.core:core:1.13.0] AndroidManifest.xml:28:18-86
64        android:dataExtractionRules="@xml/data_extraction_rules"
64-->src\main\AndroidManifest.xml:15:9-65
65        android:debuggable="true"
66        android:extractNativeLibs="false"
67        android:fullBackupContent="@xml/backup_rules"
67-->src\main\AndroidManifest.xml:16:9-54
68        android:icon="@drawable/frontimg"
68-->src\main\AndroidManifest.xml:17:9-42
69        android:label="@string/app_name"
69-->src\main\AndroidManifest.xml:18:9-41
70        android:roundIcon="@mipmap/ic_launcher_round"
70-->src\main\AndroidManifest.xml:19:9-54
71        android:supportsRtl="true"
71-->src\main\AndroidManifest.xml:20:9-35
72        android:testOnly="true"
73        android:theme="@style/Theme.SmartParking"
73-->src\main\AndroidManifest.xml:21:9-50
74        android:usesCleartextTraffic="true" >
74-->src\main\AndroidManifest.xml:14:9-44
75
76        <!-- Razorpay Checkout Activity -->
77        <activity
77-->src\main\AndroidManifest.xml:25:9-29:44
78            android:name="com.razorpay.CheckoutActivity"
78-->src\main\AndroidManifest.xml:26:13-57
79            android:configChanges="keyboard|keyboardHidden|orientation|screenSize"
79-->[com.razorpay:checkout:1.6.26] AndroidManifest.xml:50:13-83
80            android:exported="true"
80-->src\main\AndroidManifest.xml:27:13-36
81            android:theme="@style/Theme.AppCompat.Light.NoActionBar" >
81-->src\main\AndroidManifest.xml:28:13-69
82            <intent-filter>
82-->[com.razorpay:checkout:1.6.26] AndroidManifest.xml:53:13-59:29
83                <action android:name="android.intent.action.MAIN" />
83-->src\main\AndroidManifest.xml:56:17-69
83-->src\main\AndroidManifest.xml:56:25-66
84
85                <data
85-->[com.razorpay:checkout:1.6.26] AndroidManifest.xml:15:13-17:38
86                    android:host="rzp.io"
87                    android:scheme="io.rzp" />
87-->[com.razorpay:checkout:1.6.26] AndroidManifest.xml:17:17-35
88            </intent-filter>
89        </activity>
90
91        <!-- App Activities -->
92        <activity
92-->src\main\AndroidManifest.xml:32:9-75
93            android:name="com.example.smartparking.MakeaPayment"
93-->src\main\AndroidManifest.xml:32:19-47
94            android:exported="false" />
94-->src\main\AndroidManifest.xml:32:48-72
95        <activity
95-->src\main\AndroidManifest.xml:34:9-84
96            android:name="com.example.smartparking.Adminstratoravailable"
96-->src\main\AndroidManifest.xml:34:19-56
97            android:exported="false" />
97-->src\main\AndroidManifest.xml:34:57-81
98        <activity
98-->src\main\AndroidManifest.xml:35:9-85
99            android:name="com.example.smartparking.ParkingBookingActivity"
99-->src\main\AndroidManifest.xml:35:19-57
100            android:exported="false" />
100-->src\main\AndroidManifest.xml:35:58-82
101        <activity
101-->src\main\AndroidManifest.xml:36:9-77
102            android:name="com.example.smartparking.TicketActivity"
102-->src\main\AndroidManifest.xml:36:19-49
103            android:exported="false" />
103-->src\main\AndroidManifest.xml:36:50-74
104        <activity
104-->src\main\AndroidManifest.xml:37:9-72
105            android:name="com.example.smartparking.bookslots"
105-->src\main\AndroidManifest.xml:37:19-44
106            android:exported="false" />
106-->src\main\AndroidManifest.xml:37:45-69
107        <activity
107-->src\main\AndroidManifest.xml:39:9-74
108            android:name="com.example.smartparking.profileuser"
108-->src\main\AndroidManifest.xml:39:19-46
109            android:exported="false" />
109-->src\main\AndroidManifest.xml:39:47-71
110        <activity
110-->src\main\AndroidManifest.xml:40:9-79
111            android:name="com.example.smartparking.ParkingAvailable"
111-->src\main\AndroidManifest.xml:40:19-51
112            android:exported="false" />
112-->src\main\AndroidManifest.xml:40:52-76
113        <activity
113-->src\main\AndroidManifest.xml:41:9-72
114            android:name="com.example.smartparking.Dashboard"
114-->src\main\AndroidManifest.xml:41:19-44
115            android:exported="false" />
115-->src\main\AndroidManifest.xml:41:45-69
116        <activity
116-->src\main\AndroidManifest.xml:42:9-80
117            android:name="com.example.smartparking.LoginRegisterUser"
117-->src\main\AndroidManifest.xml:42:19-52
118            android:exported="false" />
118-->src\main\AndroidManifest.xml:42:53-77
119        <activity
119-->src\main\AndroidManifest.xml:43:9-74
120            android:name="com.example.smartparking.user_Switch"
120-->src\main\AndroidManifest.xml:43:19-46
121            android:exported="false" />
121-->src\main\AndroidManifest.xml:43:47-71
122        <activity
122-->src\main\AndroidManifest.xml:44:9-84
123            android:name="com.example.smartparking.LoginRegisterActivity"
123-->src\main\AndroidManifest.xml:44:19-56
124            android:exported="false" />
124-->src\main\AndroidManifest.xml:44:57-81
125
126        <!-- Google Maps API Key (Make sure it's secured) -->
127        <meta-data
127-->src\main\AndroidManifest.xml:47:9-49:71
128            android:name="com.google.android.geo.API_KEY"
128-->src\main\AndroidManifest.xml:48:13-58
129            android:value="AIzaSyDDftmnOrKPEH7yEuI6oYGulpnb-13Wai0" />
129-->src\main\AndroidManifest.xml:49:13-68
130
131        <!-- Main Activity -->
132        <activity
132-->src\main\AndroidManifest.xml:52:9-59:20
133            android:name="com.example.smartparking.MainActivity"
133-->src\main\AndroidManifest.xml:53:13-41
134            android:exported="true" >
134-->src\main\AndroidManifest.xml:54:13-36
135            <intent-filter>
135-->src\main\AndroidManifest.xml:55:13-58:29
136                <action android:name="android.intent.action.MAIN" />
136-->src\main\AndroidManifest.xml:56:17-69
136-->src\main\AndroidManifest.xml:56:25-66
137
138                <category android:name="android.intent.category.LAUNCHER" />
138-->src\main\AndroidManifest.xml:57:17-77
138-->src\main\AndroidManifest.xml:57:27-74
139            </intent-filter>
140        </activity>
141
142        <receiver
142-->[com.razorpay:checkout:1.6.26] AndroidManifest.xml:40:9-46:20
143            android:name="com.razorpay.RzpTokenReceiver"
143-->[com.razorpay:checkout:1.6.26] AndroidManifest.xml:41:13-57
144            android:exported="false" >
144-->[com.razorpay:checkout:1.6.26] AndroidManifest.xml:42:13-37
145            <intent-filter>
145-->[com.razorpay:checkout:1.6.26] AndroidManifest.xml:43:13-45:29
146                <action android:name="rzp.device_token.share" />
146-->[com.razorpay:checkout:1.6.26] AndroidManifest.xml:44:17-65
146-->[com.razorpay:checkout:1.6.26] AndroidManifest.xml:44:25-62
147            </intent-filter>
148        </receiver>
149
150        <meta-data
150-->[com.razorpay:checkout:1.6.26] AndroidManifest.xml:62:9-64:58
151            android:name="com.razorpay.plugin.googlepay_all"
151-->[com.razorpay:checkout:1.6.26] AndroidManifest.xml:63:13-61
152            android:value="com.razorpay.RzpGpayMerged" /> <!-- Needs to be explicitly declared on P+ -->
152-->[com.razorpay:checkout:1.6.26] AndroidManifest.xml:64:13-55
153        <uses-library
153-->[com.google.android.gms:play-services-maps:19.0.0] AndroidManifest.xml:39:9-41:40
154            android:name="org.apache.http.legacy"
154-->[com.google.android.gms:play-services-maps:19.0.0] AndroidManifest.xml:40:13-50
155            android:required="false" />
155-->[com.google.android.gms:play-services-maps:19.0.0] AndroidManifest.xml:41:13-37
156
157        <activity
157-->[com.google.firebase:firebase-auth:23.0.0] AndroidManifest.xml:29:9-46:20
158            android:name="com.google.firebase.auth.internal.GenericIdpActivity"
158-->[com.google.firebase:firebase-auth:23.0.0] AndroidManifest.xml:30:13-80
159            android:excludeFromRecents="true"
159-->[com.google.firebase:firebase-auth:23.0.0] AndroidManifest.xml:31:13-46
160            android:exported="true"
160-->[com.google.firebase:firebase-auth:23.0.0] AndroidManifest.xml:32:13-36
161            android:launchMode="singleTask"
161-->[com.google.firebase:firebase-auth:23.0.0] AndroidManifest.xml:33:13-44
162            android:theme="@android:style/Theme.Translucent.NoTitleBar" >
162-->[com.google.firebase:firebase-auth:23.0.0] AndroidManifest.xml:34:13-72
163            <intent-filter>
163-->[com.google.firebase:firebase-auth:23.0.0] AndroidManifest.xml:35:13-45:29
164                <action android:name="android.intent.action.VIEW" />
164-->[com.razorpay:checkout:1.6.26] AndroidManifest.xml:13:13-65
164-->[com.razorpay:checkout:1.6.26] AndroidManifest.xml:13:21-62
165
166                <category android:name="android.intent.category.DEFAULT" />
166-->[com.google.firebase:firebase-auth:23.0.0] AndroidManifest.xml:38:17-76
166-->[com.google.firebase:firebase-auth:23.0.0] AndroidManifest.xml:38:27-73
167                <category android:name="android.intent.category.BROWSABLE" />
167-->[com.razorpay:checkout:1.6.26] AndroidManifest.xml:22:13-74
167-->[com.razorpay:checkout:1.6.26] AndroidManifest.xml:22:23-71
168
169                <data
169-->[com.razorpay:checkout:1.6.26] AndroidManifest.xml:15:13-17:38
170                    android:host="firebase.auth"
171                    android:path="/"
172                    android:scheme="genericidp" />
172-->[com.razorpay:checkout:1.6.26] AndroidManifest.xml:17:17-35
173            </intent-filter>
174        </activity>
175        <activity
175-->[com.google.firebase:firebase-auth:23.0.0] AndroidManifest.xml:47:9-64:20
176            android:name="com.google.firebase.auth.internal.RecaptchaActivity"
176-->[com.google.firebase:firebase-auth:23.0.0] AndroidManifest.xml:48:13-79
177            android:excludeFromRecents="true"
177-->[com.google.firebase:firebase-auth:23.0.0] AndroidManifest.xml:49:13-46
178            android:exported="true"
178-->[com.google.firebase:firebase-auth:23.0.0] AndroidManifest.xml:50:13-36
179            android:launchMode="singleTask"
179-->[com.google.firebase:firebase-auth:23.0.0] AndroidManifest.xml:51:13-44
180            android:theme="@android:style/Theme.Translucent.NoTitleBar" >
180-->[com.google.firebase:firebase-auth:23.0.0] AndroidManifest.xml:52:13-72
181            <intent-filter>
181-->[com.google.firebase:firebase-auth:23.0.0] AndroidManifest.xml:53:13-63:29
182                <action android:name="android.intent.action.VIEW" />
182-->[com.razorpay:checkout:1.6.26] AndroidManifest.xml:13:13-65
182-->[com.razorpay:checkout:1.6.26] AndroidManifest.xml:13:21-62
183
184                <category android:name="android.intent.category.DEFAULT" />
184-->[com.google.firebase:firebase-auth:23.0.0] AndroidManifest.xml:38:17-76
184-->[com.google.firebase:firebase-auth:23.0.0] AndroidManifest.xml:38:27-73
185                <category android:name="android.intent.category.BROWSABLE" />
185-->[com.razorpay:checkout:1.6.26] AndroidManifest.xml:22:13-74
185-->[com.razorpay:checkout:1.6.26] AndroidManifest.xml:22:23-71
186
187                <data
187-->[com.razorpay:checkout:1.6.26] AndroidManifest.xml:15:13-17:38
188                    android:host="firebase.auth"
189                    android:path="/"
190                    android:scheme="recaptcha" />
190-->[com.razorpay:checkout:1.6.26] AndroidManifest.xml:17:17-35
191            </intent-filter>
192        </activity>
193
194        <service
194-->[com.google.firebase:firebase-auth:23.0.0] AndroidManifest.xml:66:9-72:19
195            android:name="com.google.firebase.components.ComponentDiscoveryService"
195-->[com.google.firebase:firebase-auth:23.0.0] AndroidManifest.xml:67:13-84
196            android:directBootAware="true"
196-->[com.google.firebase:firebase-common:21.0.0] AndroidManifest.xml:32:13-43
197            android:exported="false" >
197-->[com.google.firebase:firebase-auth:23.0.0] AndroidManifest.xml:68:13-37
198            <meta-data
198-->[com.google.firebase:firebase-auth:23.0.0] AndroidManifest.xml:69:13-71:85
199                android:name="com.google.firebase.components:com.google.firebase.auth.FirebaseAuthRegistrar"
199-->[com.google.firebase:firebase-auth:23.0.0] AndroidManifest.xml:70:17-109
200                android:value="com.google.firebase.components.ComponentRegistrar" />
200-->[com.google.firebase:firebase-auth:23.0.0] AndroidManifest.xml:71:17-82
201            <meta-data
201-->[com.google.firebase:firebase-database:21.0.0] AndroidManifest.xml:29:13-31:85
202                android:name="com.google.firebase.components:com.google.firebase.database.FirebaseDatabaseKtxRegistrar"
202-->[com.google.firebase:firebase-database:21.0.0] AndroidManifest.xml:30:17-120
203                android:value="com.google.firebase.components.ComponentRegistrar" />
203-->[com.google.firebase:firebase-database:21.0.0] AndroidManifest.xml:31:17-82
204            <meta-data
204-->[com.google.firebase:firebase-database:21.0.0] AndroidManifest.xml:32:13-34:85
205                android:name="com.google.firebase.components:com.google.firebase.database.DatabaseRegistrar"
205-->[com.google.firebase:firebase-database:21.0.0] AndroidManifest.xml:33:17-109
206                android:value="com.google.firebase.components.ComponentRegistrar" />
206-->[com.google.firebase:firebase-database:21.0.0] AndroidManifest.xml:34:17-82
207            <meta-data
207-->[com.google.firebase:firebase-storage:21.0.1] AndroidManifest.xml:30:13-32:85
208                android:name="com.google.firebase.components:com.google.firebase.storage.FirebaseStorageKtxRegistrar"
208-->[com.google.firebase:firebase-storage:21.0.1] AndroidManifest.xml:31:17-118
209                android:value="com.google.firebase.components.ComponentRegistrar" />
209-->[com.google.firebase:firebase-storage:21.0.1] AndroidManifest.xml:32:17-82
210            <meta-data
210-->[com.google.firebase:firebase-storage:21.0.1] AndroidManifest.xml:33:13-35:85
211                android:name="com.google.firebase.components:com.google.firebase.storage.StorageRegistrar"
211-->[com.google.firebase:firebase-storage:21.0.1] AndroidManifest.xml:34:17-107
212                android:value="com.google.firebase.components.ComponentRegistrar" />
212-->[com.google.firebase:firebase-storage:21.0.1] AndroidManifest.xml:35:17-82
213            <meta-data
213-->[com.google.firebase:firebase-appcheck:17.1.0] AndroidManifest.xml:25:13-27:85
214                android:name="com.google.firebase.components:com.google.firebase.appcheck.FirebaseAppCheckKtxRegistrar"
214-->[com.google.firebase:firebase-appcheck:17.1.0] AndroidManifest.xml:26:17-120
215                android:value="com.google.firebase.components.ComponentRegistrar" />
215-->[com.google.firebase:firebase-appcheck:17.1.0] AndroidManifest.xml:27:17-82
216            <meta-data
216-->[com.google.firebase:firebase-appcheck:17.1.0] AndroidManifest.xml:28:13-30:85
217                android:name="com.google.firebase.components:com.google.firebase.appcheck.FirebaseAppCheckRegistrar"
217-->[com.google.firebase:firebase-appcheck:17.1.0] AndroidManifest.xml:29:17-117
218                android:value="com.google.firebase.components.ComponentRegistrar" />
218-->[com.google.firebase:firebase-appcheck:17.1.0] AndroidManifest.xml:30:17-82
219            <meta-data
219-->[com.google.firebase:firebase-common-ktx:21.0.0] AndroidManifest.xml:12:13-14:85
220                android:name="com.google.firebase.components:com.google.firebase.ktx.FirebaseCommonLegacyRegistrar"
220-->[com.google.firebase:firebase-common-ktx:21.0.0] AndroidManifest.xml:13:17-116
221                android:value="com.google.firebase.components.ComponentRegistrar" />
221-->[com.google.firebase:firebase-common-ktx:21.0.0] AndroidManifest.xml:14:17-82
222            <meta-data
222-->[com.google.firebase:firebase-common:21.0.0] AndroidManifest.xml:35:13-37:85
223                android:name="com.google.firebase.components:com.google.firebase.FirebaseCommonKtxRegistrar"
223-->[com.google.firebase:firebase-common:21.0.0] AndroidManifest.xml:36:17-109
224                android:value="com.google.firebase.components.ComponentRegistrar" />
224-->[com.google.firebase:firebase-common:21.0.0] AndroidManifest.xml:37:17-82
225        </service>
226        <service
226-->[androidx.credentials:credentials-play-services-auth:1.2.0-rc01] AndroidManifest.xml:24:9-32:19
227            android:name="androidx.credentials.playservices.CredentialProviderMetadataHolder"
227-->[androidx.credentials:credentials-play-services-auth:1.2.0-rc01] AndroidManifest.xml:25:13-94
228            android:enabled="true"
228-->[androidx.credentials:credentials-play-services-auth:1.2.0-rc01] AndroidManifest.xml:26:13-35
229            android:exported="false" >
229-->[androidx.credentials:credentials-play-services-auth:1.2.0-rc01] AndroidManifest.xml:27:13-37
230            <meta-data
230-->[androidx.credentials:credentials-play-services-auth:1.2.0-rc01] AndroidManifest.xml:29:13-31:104
231                android:name="androidx.credentials.CREDENTIAL_PROVIDER_KEY"
231-->[androidx.credentials:credentials-play-services-auth:1.2.0-rc01] AndroidManifest.xml:30:17-76
232                android:value="androidx.credentials.playservices.CredentialProviderPlayServicesImpl" />
232-->[androidx.credentials:credentials-play-services-auth:1.2.0-rc01] AndroidManifest.xml:31:17-101
233        </service>
234
235        <activity
235-->[androidx.credentials:credentials-play-services-auth:1.2.0-rc01] AndroidManifest.xml:34:9-41:20
236            android:name="androidx.credentials.playservices.HiddenActivity"
236-->[androidx.credentials:credentials-play-services-auth:1.2.0-rc01] AndroidManifest.xml:35:13-76
237            android:configChanges="orientation|screenSize|screenLayout|keyboardHidden"
237-->[androidx.credentials:credentials-play-services-auth:1.2.0-rc01] AndroidManifest.xml:36:13-87
238            android:enabled="true"
238-->[androidx.credentials:credentials-play-services-auth:1.2.0-rc01] AndroidManifest.xml:37:13-35
239            android:exported="false"
239-->[androidx.credentials:credentials-play-services-auth:1.2.0-rc01] AndroidManifest.xml:38:13-37
240            android:fitsSystemWindows="true"
240-->[androidx.credentials:credentials-play-services-auth:1.2.0-rc01] AndroidManifest.xml:39:13-45
241            android:theme="@style/Theme.Hidden" >
241-->[androidx.credentials:credentials-play-services-auth:1.2.0-rc01] AndroidManifest.xml:40:13-48
242        </activity>
243        <activity
243-->[com.google.android.gms:play-services-auth:20.7.0] AndroidManifest.xml:23:9-27:75
244            android:name="com.google.android.gms.auth.api.signin.internal.SignInHubActivity"
244-->[com.google.android.gms:play-services-auth:20.7.0] AndroidManifest.xml:24:13-93
245            android:excludeFromRecents="true"
245-->[com.google.android.gms:play-services-auth:20.7.0] AndroidManifest.xml:25:13-46
246            android:exported="false"
246-->[com.google.android.gms:play-services-auth:20.7.0] AndroidManifest.xml:26:13-37
247            android:theme="@android:style/Theme.Translucent.NoTitleBar" />
247-->[com.google.android.gms:play-services-auth:20.7.0] AndroidManifest.xml:27:13-72
248        <!--
249            Service handling Google Sign-In user revocation. For apps that do not integrate with
250            Google Sign-In, this service will never be started.
251        -->
252        <service
252-->[com.google.android.gms:play-services-auth:20.7.0] AndroidManifest.xml:33:9-37:51
253            android:name="com.google.android.gms.auth.api.signin.RevocationBoundService"
253-->[com.google.android.gms:play-services-auth:20.7.0] AndroidManifest.xml:34:13-89
254            android:exported="true"
254-->[com.google.android.gms:play-services-auth:20.7.0] AndroidManifest.xml:35:13-36
255            android:permission="com.google.android.gms.auth.api.signin.permission.REVOCATION_NOTIFICATION"
255-->[com.google.android.gms:play-services-auth:20.7.0] AndroidManifest.xml:36:13-107
256            android:visibleToInstantApps="true" />
256-->[com.google.android.gms:play-services-auth:20.7.0] AndroidManifest.xml:37:13-48
257
258        <activity
258-->[com.google.android.gms:play-services-base:18.5.0] AndroidManifest.xml:5:9-173
259            android:name="com.google.android.gms.common.api.GoogleApiActivity"
259-->[com.google.android.gms:play-services-base:18.5.0] AndroidManifest.xml:5:19-85
260            android:exported="false"
260-->[com.google.android.gms:play-services-base:18.5.0] AndroidManifest.xml:5:146-170
261            android:theme="@android:style/Theme.Translucent.NoTitleBar" />
261-->[com.google.android.gms:play-services-base:18.5.0] AndroidManifest.xml:5:86-145
262
263        <provider
263-->[com.google.firebase:firebase-common:21.0.0] AndroidManifest.xml:23:9-28:39
264            android:name="com.google.firebase.provider.FirebaseInitProvider"
264-->[com.google.firebase:firebase-common:21.0.0] AndroidManifest.xml:24:13-77
265            android:authorities="com.example.smartparking.firebaseinitprovider"
265-->[com.google.firebase:firebase-common:21.0.0] AndroidManifest.xml:25:13-72
266            android:directBootAware="true"
266-->[com.google.firebase:firebase-common:21.0.0] AndroidManifest.xml:26:13-43
267            android:exported="false"
267-->[com.google.firebase:firebase-common:21.0.0] AndroidManifest.xml:27:13-37
268            android:initOrder="100" />
268-->[com.google.firebase:firebase-common:21.0.0] AndroidManifest.xml:28:13-36
269        <provider
269-->[androidx.emoji2:emoji2:1.3.0] AndroidManifest.xml:24:9-32:20
270            android:name="androidx.startup.InitializationProvider"
270-->[androidx.emoji2:emoji2:1.3.0] AndroidManifest.xml:25:13-67
271            android:authorities="com.example.smartparking.androidx-startup"
271-->[androidx.emoji2:emoji2:1.3.0] AndroidManifest.xml:26:13-68
272            android:exported="false" >
272-->[androidx.emoji2:emoji2:1.3.0] AndroidManifest.xml:27:13-37
273            <meta-data
273-->[androidx.emoji2:emoji2:1.3.0] AndroidManifest.xml:29:13-31:52
274                android:name="androidx.emoji2.text.EmojiCompatInitializer"
274-->[androidx.emoji2:emoji2:1.3.0] AndroidManifest.xml:30:17-75
275                android:value="androidx.startup" />
275-->[androidx.emoji2:emoji2:1.3.0] AndroidManifest.xml:31:17-49
276            <meta-data
276-->[androidx.lifecycle:lifecycle-process:2.6.2] AndroidManifest.xml:29:13-31:52
277                android:name="androidx.lifecycle.ProcessLifecycleInitializer"
277-->[androidx.lifecycle:lifecycle-process:2.6.2] AndroidManifest.xml:30:17-78
278                android:value="androidx.startup" />
278-->[androidx.lifecycle:lifecycle-process:2.6.2] AndroidManifest.xml:31:17-49
279            <meta-data
279-->[androidx.profileinstaller:profileinstaller:1.3.1] AndroidManifest.xml:29:13-31:52
280                android:name="androidx.profileinstaller.ProfileInstallerInitializer"
280-->[androidx.profileinstaller:profileinstaller:1.3.1] AndroidManifest.xml:30:17-85
281                android:value="androidx.startup" />
281-->[androidx.profileinstaller:profileinstaller:1.3.1] AndroidManifest.xml:31:17-49
282        </provider>
283
284        <meta-data
284-->[com.google.android.gms:play-services-basement:18.4.0] AndroidManifest.xml:6:9-122
285            android:name="com.google.android.gms.version"
285-->[com.google.android.gms:play-services-basement:18.4.0] AndroidManifest.xml:6:20-65
286            android:value="@integer/google_play_services_version" />
286-->[com.google.android.gms:play-services-basement:18.4.0] AndroidManifest.xml:6:66-119
287
288        <receiver
288-->[androidx.profileinstaller:profileinstaller:1.3.1] AndroidManifest.xml:34:9-52:20
289            android:name="androidx.profileinstaller.ProfileInstallReceiver"
289-->[androidx.profileinstaller:profileinstaller:1.3.1] AndroidManifest.xml:35:13-76
290            android:directBootAware="false"
290-->[androidx.profileinstaller:profileinstaller:1.3.1] AndroidManifest.xml:36:13-44
291            android:enabled="true"
291-->[androidx.profileinstaller:profileinstaller:1.3.1] AndroidManifest.xml:37:13-35
292            android:exported="true"
292-->[androidx.profileinstaller:profileinstaller:1.3.1] AndroidManifest.xml:38:13-36
293            android:permission="android.permission.DUMP" >
293-->[androidx.profileinstaller:profileinstaller:1.3.1] AndroidManifest.xml:39:13-57
294            <intent-filter>
294-->[androidx.profileinstaller:profileinstaller:1.3.1] AndroidManifest.xml:40:13-42:29
295                <action android:name="androidx.profileinstaller.action.INSTALL_PROFILE" />
295-->[androidx.profileinstaller:profileinstaller:1.3.1] AndroidManifest.xml:41:17-91